C:\USERS\SUNIL\DESKTOP\LAB 5 CODE\PROJECT2\PROJECT2\RELEASE\MATHS_FUNCS.OBJ
C:\USERS\SUNIL\DESKTOP\LAB 5 CODE\PROJECT2\PROJECT2\RELEASE\MAIN1.OBJ
C:\USERS\SUNIL\DESKTOP\LAB 5 CODE\PROJECT2\PROJECT2\RELEASE\VCAMERA.OBJ
C:\USERS\SUNIL\DESKTOP\LAB 5 CODE\PROJECT2\PROJECT2\RELEASE\VC110.PDB
C:\USERS\SUNIL\DESKTOP\LAB 5 CODE\PROJECT2\PROJECT2\RELEASE\STB_IMAGE.OBJ
C:\USERS\SUNIL\DESKTOP\LAB 5 CODE\PROJECT2\PROJECT2\RELEASE\TEXT.OBJ
C:\USERS\SUNIL\DESKTOP\LAB 5 CODE\PROJECT2\RELEASE\PROJECT2.EXE
C:\USERS\SUNIL\DESKTOP\LAB 5 CODE\PROJECT2\RELEASE\PROJECT2.PDB
C:\Users\sunil\Desktop\Lab 5 Code\Project2\Project2\Release\main1.obj
C:\Users\sunil\Desktop\Lab 5 Code\Project2\Project2\Release\maths_funcs.obj
C:\Users\sunil\Desktop\Lab 5 Code\Project2\Project2\Release\stb_image.obj
C:\Users\sunil\Desktop\Lab 5 Code\Project2\Project2\Release\text.obj
C:\Users\sunil\Desktop\Lab 5 Code\Project2\Project2\Release\VCamera.obj
C:\Users\sunil\Desktop\Lab 5 Code\Project2\Project2\Release\cl.command.1.tlog
C:\Users\sunil\Desktop\Lab 5 Code\Project2\Project2\Release\CL.read.1.tlog
C:\Users\sunil\Desktop\Lab 5 Code\Project2\Project2\Release\CL.write.1.tlog
C:\Users\sunil\Desktop\Lab 5 Code\Project2\Project2\Release\link-cvtres.read.1.tlog
C:\Users\sunil\Desktop\Lab 5 Code\Project2\Project2\Release\link-cvtres.write.1.tlog
C:\Users\sunil\Desktop\Lab 5 Code\Project2\Project2\Release\link-rc.read.1.tlog
C:\Users\sunil\Desktop\Lab 5 Code\Project2\Project2\Release\link-rc.write.1.tlog
C:\Users\sunil\Desktop\Lab 5 Code\Project2\Project2\Release\link.command.1.tlog
C:\Users\sunil\Desktop\Lab 5 Code\Project2\Project2\Release\link.read.1.tlog
C:\Users\sunil\Desktop\Lab 5 Code\Project2\Project2\Release\link.write.1.tlog
C:\Users\sunil\Desktop\Lab 5 Code\Project2\Project2\Release\vc110.pdb
C:\Users\sunil\Desktop\Lab 5 Code\Project2\Release\Project2.pdb
C:\Users\sunil\Desktop\Lab 5 Code\Project2\Release\Project2.exe
