C:\USERS\SUNIL\DESKTOP\LAB 5 CODE\PROJECT2\PROJECT2\DEBUG\STB_IMAGE.OBJ
C:\USERS\SUNIL\DESKTOP\LAB 5 CODE\PROJECT2\PROJECT2\DEBUG\VC110.PDB
C:\USERS\SUNIL\DESKTOP\LAB 5 CODE\PROJECT2\PROJECT2\DEBUG\TEXT.OBJ
C:\USERS\SUNIL\DESKTOP\LAB 5 CODE\PROJECT2\PROJECT2\DEBUG\VBOOBJECT.OBJ
C:\USERS\SUNIL\DESKTOP\LAB 5 CODE\PROJECT2\PROJECT2\DEBUG\VCAMERA.OBJ
C:\USERS\SUNIL\DESKTOP\LAB 5 CODE\PROJECT2\PROJECT2\DEBUG\MAIN1.OBJ
C:\USERS\SUNIL\DESKTOP\LAB 5 CODE\PROJECT2\PROJECT2\DEBUG\MATHS_FUNCS.OBJ
C:\USERS\SUNIL\DESKTOP\LAB 5 CODE\PROJECT2\DEBUG\PROJECT2.ILK
C:\USERS\SUNIL\DESKTOP\LAB 5 CODE\PROJECT2\DEBUG\PROJECT2.EXE
C:\USERS\SUNIL\DESKTOP\LAB 5 CODE\PROJECT2\DEBUG\PROJECT2.PDB
C:\Users\sunil\Desktop\Lab 5 Code\Project2\Project2\Debug\main1.obj
C:\Users\sunil\Desktop\Lab 5 Code\Project2\Project2\Debug\maths_funcs.obj
C:\Users\sunil\Desktop\Lab 5 Code\Project2\Project2\Debug\stb_image.obj
C:\Users\sunil\Desktop\Lab 5 Code\Project2\Project2\Debug\text.obj
C:\Users\sunil\Desktop\Lab 5 Code\Project2\Project2\Debug\VboObject.obj
C:\Users\sunil\Desktop\Lab 5 Code\Project2\Project2\Debug\VCamera.obj
C:\Users\sunil\Desktop\Lab 5 Code\Project2\Project2\Debug\cl.command.1.tlog
C:\Users\sunil\Desktop\Lab 5 Code\Project2\Project2\Debug\CL.read.1.tlog
C:\Users\sunil\Desktop\Lab 5 Code\Project2\Project2\Debug\CL.write.1.tlog
C:\Users\sunil\Desktop\Lab 5 Code\Project2\Project2\Debug\link-cvtres.read.1.tlog
C:\Users\sunil\Desktop\Lab 5 Code\Project2\Project2\Debug\link-cvtres.write.1.tlog
C:\Users\sunil\Desktop\Lab 5 Code\Project2\Project2\Debug\link-rc.read.1.tlog
C:\Users\sunil\Desktop\Lab 5 Code\Project2\Project2\Debug\link-rc.write.1.tlog
C:\Users\sunil\Desktop\Lab 5 Code\Project2\Project2\Debug\link.command.1.tlog
C:\Users\sunil\Desktop\Lab 5 Code\Project2\Project2\Debug\link.read.1.tlog
C:\Users\sunil\Desktop\Lab 5 Code\Project2\Project2\Debug\link.write.1.tlog
C:\Users\sunil\Desktop\Lab 5 Code\Project2\Project2\Debug\vc110.idb
C:\Users\sunil\Desktop\Lab 5 Code\Project2\Project2\Debug\vc110.pdb
C:\Users\sunil\Desktop\Lab 5 Code\Project2\Debug\Project2.pdb
C:\Users\sunil\Desktop\Lab 5 Code\Project2\Debug\Project2.exe
C:\Users\sunil\Desktop\Lab 5 Code\Project2\Debug\Project2.ilk
